<?xml version="1.0" encoding="UTF-8"?>
<testsuite errors="0" failures="0" name="Last.fm API tests" skipped="0" tests="3" time="0.855049">
<testcase classname="Last.fm API tests" name="User can search for Artists, Albums, Tracks, Tags, Labels (outline example : | Radiohead |  | artist |)" time="0.251015">
  <system-out/>
  <system-err/>
</testcase>
<testcase classname="Last.fm API tests" name="User can search for Artists, Albums, Tracks, Tags, Labels (outline example : | Prodigy |  | album |)" time="0.340019">
  <system-out/>
  <system-err/>
</testcase>
<testcase classname="Last.fm API tests" name="User can search for Artists, Albums, Tracks, Tags, Labels (outline example : | AC/DC |  | track |)" time="0.264015">
  <system-out/>
  <system-err/>
</testcase>
  <system-out>
    <![CDATA[#<URI::HTTP:0x3558b10 URL:http://ws.audioscrobbler.com/2.0/?method=artist.search&artist=Radiohead&api_key=bded920a1248464a98a5208710aff0c5&format_json>
"After each API scenario"
#<URI::HTTP:0x356caf0 URL:http://ws.audioscrobbler.com/2.0/?method=album.search&album=Prodigy&api_key=bded920a1248464a98a5208710aff0c5&format_json>
"After each API scenario"
#<URI::HTTP:0x3582828 URL:http://ws.audioscrobbler.com/2.0/?method=track.search&track=AC/DC&api_key=bded920a1248464a98a5208710aff0c5&format_json>
"After each API scenario"
]]>
  </system-out>
  <system-err>
    <![CDATA[]]>
  </system-err>
</testsuite>
